{"message":"Scheduling feeds every 5 minutes","level":"info"}
2019-05-05T21:54:32.718Z [undefined] info: Scheduling feeds every 5 minutes
2019-05-05T21:55:00.024Z [undefined] info: Logging posts after 
2019-05-05T21:55:00.026Z [undefined] info: Logging posts after 
2019-05-05T21:55:00.560Z [undefined] info: Sun May 05 2019 14:30:00 GMT-0700 (PDT): The Week In Games: Saint's Row On The Go
2019-05-05T21:55:00.568Z [undefined] info: Sat May 04 2019 18:55:00 GMT-0700 (PDT): Lasso This Sub-$40 Red Dead Redemption 2 Deal Before It Skedaddles
2019-05-05T21:55:00.570Z [undefined] info: Sun May 05 2019 12:00:00 GMT-0700 (PDT): A Strange And Better (?) Sonic Trailer
2019-05-05T21:55:00.572Z [undefined] info: Sun May 05 2019 11:00:00 GMT-0700 (PDT): The History Of Lightsabers In Video Games
2019-05-05T21:55:00.573Z [undefined] info: Sun May 05 2019 09:27:00 GMT-0700 (PDT): Let's revisit the comic where Thanos flew around New York in a helicopter and got arrested
2019-05-05T21:55:00.579Z [undefined] info: Sun May 05 2019 05:32:00 GMT-0700 (PDT): Save $50 On the Bluetooth Version of Audio Technica's Cult Favorite M50x Headphones
2019-05-05T21:55:00.580Z [undefined] info: Sun May 05 2019 09:30:00 GMT-0700 (PDT): 'Shop Contest: Star Wars X Sonic
2019-05-05T21:55:00.582Z [undefined] info: Sun May 05 2019 08:30:00 GMT-0700 (PDT): A Player Recreated The Iron Man Vs. Captain America Fight Scene In Dreams
2019-05-05T21:55:00.583Z [undefined] info: Sun May 05 2019 07:30:00 GMT-0700 (PDT): Sunday Comics: MURDERERS!
2019-05-05T21:55:00.586Z [undefined] info: Sun May 05 2019 06:34:00 GMT-0700 (PDT): Sunday's Best Deals: iPads, m50xBT Headphones, Kingdom Hearts III, Clarisonic Accessories, and More
2019-05-05T21:55:00.587Z [undefined] info: Sat May 04 2019 14:30:00 GMT-0700 (PDT): For Honor Players Can Now Use Lightsabers
2019-05-05T21:55:00.590Z [undefined] info: Sat May 04 2019 05:27:00 GMT-0700 (PDT): Snag a Spare Xbox One Controller For $37
2019-05-05T21:55:00.592Z [undefined] info: Sat May 04 2019 13:00:00 GMT-0700 (PDT): Put Yaddle In Star Wars Games, You Cowards
2019-05-05T21:55:00.593Z [undefined] info: Sat May 04 2019 12:32:00 GMT-0700 (PDT): Fortnite's Vault Opens, Volcano Destroys Tilted Towers
2019-05-05T21:55:00.595Z [undefined] info: Sat May 04 2019 12:00:00 GMT-0700 (PDT): 'Shop Contest: Mortal Kombat Guest Characters, Winners!
2019-05-05T21:55:00.596Z [undefined] info: Sat May 04 2019 11:00:00 GMT-0700 (PDT): Shut The Hell Up, Deacon
2019-05-05T21:55:00.597Z [undefined] info: Sat May 04 2019 07:12:00 GMT-0700 (PDT): Amazon's Running a Big Discount On One of Logitech's Best Mice
2019-05-05T21:55:00.598Z [undefined] info: Sat May 04 2019 10:00:00 GMT-0700 (PDT): Hoth in Video Games: A Thirty-Year Battle
2019-05-05T21:55:00.600Z [undefined] info: Sat May 04 2019 09:30:00 GMT-0700 (PDT): Star Wars Battlefront II Players And Developers Pay Tribute To Chewbacca Actor Peter Mayhew
2019-05-05T21:55:00.602Z [undefined] info: Sat May 04 2019 08:30:00 GMT-0700 (PDT): Zoroark Can Trick People With Illusions And Turn Into A Human
2019-05-05T21:55:00.603Z [undefined] info: Sat May 04 2019 07:30:00 GMT-0700 (PDT): Player Gets A Terrible Zombie Surprise
2019-05-05T21:55:00.610Z [undefined] info: Sun May 05 2019 14:20:00 GMT-0700 (PDT): Diana Ross Says She Was 'Violated' During a TSA Patdown
2019-05-05T21:55:00.613Z [undefined] info: Sun May 05 2019 05:11:00 GMT-0700 (PDT): The Kindle Paperwhite Is Finally Waterproof, And Back On Sale
2019-05-05T21:55:00.618Z [undefined] info: Sun May 05 2019 13:20:00 GMT-0700 (PDT): An Ex-Priest Accused of Sexually Abusing a Teen Will Keep His Job as a Middle School Teacher
2019-05-05T21:55:00.619Z [undefined] info: Sun May 05 2019 12:10:00 GMT-0700 (PDT): 'It Was Hell:' Mommy Blogger Heather Armstrong on the Shitty Side of Internet Celebrity
2019-05-05T21:55:00.622Z [undefined] info: Sun May 05 2019 10:42:00 GMT-0700 (PDT): Mark Halperin Would Very Much Like to Be Famous Again
2019-05-05T21:55:00.624Z [undefined] info: Sun May 05 2019 06:34:00 GMT-0700 (PDT): Sunday's Best Deals: iPads, m50xBT Headphones, Kingdom Hearts III, Clarisonic Accessories, and More
2019-05-05T21:55:00.626Z [undefined] info: Sat May 04 2019 14:00:00 GMT-0700 (PDT): Saturday Night Social: Dolly Parton Is Giving Us the Only Lifestyle Brand We Need
2019-05-05T21:55:00.628Z [undefined] info: Sat May 04 2019 13:20:00 GMT-0700 (PDT): John Kelly Is Now in the Business of Detaining Children
2019-05-05T21:55:00.630Z [undefined] info: Sat May 04 2019 05:34:00 GMT-0700 (PDT): Get Three Pounds of Trail Mix For Just $12 Shipped
2019-05-05T21:55:00.632Z [undefined] info: Sat May 04 2019 12:20:00 GMT-0700 (PDT): Meghan and Kate Need a Girls' Night at the Met Gala, According to Anna Wintour
2019-05-05T21:55:00.634Z [undefined] info: Sat May 04 2019 11:15:00 GMT-0700 (PDT): Jim Cummings, the Voice of Winnie the Pooh, Has Been Accused of Rape and Animal Abuse
2019-05-05T21:55:00.637Z [undefined] info: Sat May 04 2019 10:25:00 GMT-0700 (PDT): What Is a Fair Price for Sophie Turner's Wedding Ring Pop Wrapper?
2019-05-05T21:55:00.638Z [undefined] info: Fri May 03 2019 17:55:00 GMT-0700 (PDT): Even The Shrimp Are Microdosing
2019-05-05T21:55:00.642Z [undefined] info: Fri May 03 2019 15:30:00 GMT-0700 (PDT): Vladimir Putin Doesn't Think There Was Any Collusion, Alright?
2019-05-05T21:55:00.643Z [undefined] info: Fri May 03 2019 15:00:00 GMT-0700 (PDT): The Time Someone Spoiled Something For You and You Were Actually Pissed Off
2019-05-05T21:55:24.580Z info: Scheduling feeds every 5 minutes
